{"level":"warn","message":"Ruta GET /awddawdaw no implementada."}


{"level":"warn","message":" Ruta GET /dawdaw no implementada."}


{"level":"warn","message":" Ruta GET /favicon.ico no implementada."}
{"level":"warn","message":" Ruta GET /favicon.ico no implementada."}
{"level":"warn","message":" Ruta GET /favicon.ico no implementada."}
{"level":"warn","message":" Ruta GET /favicon.ico no implementada."}
{"level":"warn","message":" Ruta GET /favicon.ico no implementada."}
{"level":"warn","message":" Ruta GET /favicon.ico no implementada."}
{"level":"warn","message":" Ruta GET /favicon.ico no implementada."}
{"level":"warn","message":" Ruta GET /favicon.ico no implementada."}
{"level":"warn","message":" Ruta GET /favicon.ico no implementada."}
{"level":"warn","message":" Ruta GET /favicon.ico no implementada."}
{"level":"warn","message":" Ruta GET /favicon.ico no implementada."}
{"level":"warn","message":" Ruta GET /favicon.ico no implementada."}
{"level":"warn","message":" Ruta GET /favicon.ico no implementada."}
{"level":"warn","message":" Ruta GET /favicon.ico no implementada."}
{"level":"warn","message":" Ruta GET /favicon.ico no implementada."}
{"level":"warn","message":" Ruta GET /favicon.ico no implementada."}
{"level":"warn","message":" Ruta GET /favicon.ico no implementada."}
{"level":"warn","message":" Ruta GET /favicon.ico no implementada."}
{"level":"warn","message":" Ruta GET /favicon.ico no implementada."}
{"level":"warn","message":" Ruta GET /favicon.ico no implementada."}
{"level":"warn","message":" Ruta GET /favicon.ico no implementada."}
{"level":"warn","message":" Ruta GET /favicon.ico no implementada."}
{"level":"warn","message":" Ruta GET /favicon.ico no implementada."}
{"level":"warn","message":" Ruta GET /favicon.ico no implementada."}
{"level":"warn","message":" Ruta GET /favicon.ico no implementada."}
{"level":"warn","message":" Ruta GET /favicon.ico no implementada."}
{"level":"warn","message":" Ruta GET /favicon.ico no implementada."}
{"level":"warn","message":" Ruta GET /favicon.ico no implementada."}
{"level":"warn","message":" Ruta GET /favicon.ico no implementada."}
{"level":"warn","message":" Ruta GET /favicon.ico no implementada."}
{"level":"warn","message":" Ruta GET /favicon.ico no implementada."}
{"level":"warn","message":" Ruta GET /favicon.ico no implementada."}
{"level":"warn","message":" Ruta GET /favicon.ico no implementada."}
{"level":"warn","message":" Ruta GET /favicon.ico no implementada."}
{"level":"warn","message":" Ruta GET /favicon.ico no implementada."}
{"level":"warn","message":" Ruta GET /favicon.ico no implementada."}
{"level":"warn","message":" Ruta GET /favicon.ico no implementada."}
{"level":"warn","message":" Ruta GET /favicon.ico no implementada."}
{"level":"warn","message":" Ruta GET /favicon.ico no implementada."}
{"level":"warn","message":" Ruta GET /favicon.ico no implementada."}
{"level":"warn","message":" Ruta GET /favicon.ico no implementada."}
{"level":"warn","message":" Ruta GET /favicon.ico no implementada."}
{"level":"warn","message":" Ruta GET /favicon.ico no implementada."}
{"level":"warn","message":" Ruta GET /favicon.ico no implementada."}
{"level":"warn","message":" Ruta GET /favicon.ico no implementada."}
{"level":"warn","message":" Ruta GET /favicon.ico no implementada."}
{"level":"warn","message":" Ruta GET /favicon.ico no implementada."}
{"level":"warn","message":" Ruta GET /favicon.ico no implementada."}
{"level":"warn","message":" Ruta GET /favicon.ico no implementada."}
{"level":"warn","message":" Ruta GET /favicon.ico no implementada."}
{"level":"warn","message":" Ruta GET /favicon.ico no implementada."}
{"level":"warn","message":" Ruta GET /favicon.ico no implementada."}
{"level":"warn","message":" Ruta GET /favicon.ico no implementada."}
{"level":"warn","message":" Ruta GET /favicon.ico no implementada."}
{"level":"warn","message":" Ruta GET /favicon.ico no implementada."}
{"level":"warn","message":" Ruta GET /favicon.ico no implementada."}
{"level":"warn","message":" Ruta GET /favicon.ico no implementada."}
{"level":"warn","message":" Ruta GET /favicon.ico no implementada."}
{"level":"warn","message":" Ruta GET /favicon.ico no implementada."}
{"level":"warn","message":" Ruta GET /content/uploads/ no implementada."}
{"level":"warn","message":" Ruta GET /favicon.ico no implementada."}
{"level":"warn","message":" Ruta GET /content/uploads/avatar-1665802756119.jpg no implementada."}
{"level":"warn","message":" Ruta GET /favicon.ico no implementada."}
{"level":"warn","message":" Ruta GET /uploads/avatar-1665802756119.jpg no implementada."}
{"level":"warn","message":" Ruta GET /favicon.ico no implementada."}
{"level":"warn","message":" Ruta GET /uploads/ no implementada."}
{"level":"warn","message":" Ruta GET /favicon.ico no implementada."}
{"level":"warn","message":" Ruta GET /uploads/ no implementada."}
{"level":"warn","message":" Ruta GET /favicon.ico no implementada."}
{"level":"warn","message":" Ruta GET /uploads/ no implementada."}
{"level":"warn","message":" Ruta GET /uploads/avatar-1665802756119 no implementada."}
{"level":"warn","message":" Ruta GET /favicon.ico no implementada."}
{"level":"warn","message":" Ruta GET /content/uploads/avatar-1665802756119 no implementada."}
{"level":"warn","message":" Ruta GET /favicon.ico no implementada."}
{"level":"warn","message":" Ruta GET /favicon.ico no implementada."}
{"level":"warn","message":" Ruta GET /content/uploads/avatar-1665802756119 no implementada."}
{"level":"warn","message":" Ruta GET /favicon.ico no implementada."}
{"level":"warn","message":" Ruta GET /favicon.ico no implementada."}
{"level":"warn","message":" Ruta GET /content/uploads/avatar-1665802756119.jpg no implementada."}
{"level":"warn","message":" Ruta GET /favicon.ico no implementada."}
{"level":"warn","message":" Ruta GET /content/uploads/avatar-1665802756119. no implementada."}
{"level":"warn","message":" Ruta GET /favicon.ico no implementada."}
{"level":"warn","message":" Ruta GET /content/uploads/avatar-1665802756119.jpg no implementada."}
{"level":"warn","message":" Ruta GET /content/uploads/avatar-1665802756119.jpg no implementada."}
{"level":"warn","message":" Ruta GET /favicon.ico no implementada."}
{"level":"warn","message":" Ruta GET /favicon.ico no implementada."}
{"level":"warn","message":" Ruta GET /favicon.ico no implementada."}
{"level":"warn","message":" Ruta GET /favicon.ico no implementada."}
{"level":"warn","message":" Ruta GET /favicon.ico no implementada."}
{"level":"warn","message":" Ruta GET /favicon.ico no implementada."}
{"level":"warn","message":" Ruta GET /favicon.ico no implementada."}
{"level":"warn","message":" Ruta GET /favicon.ico no implementada."}
{"level":"warn","message":" Ruta GET /favicon.ico no implementada."}
{"level":"warn","message":" Ruta GET /favicon.ico no implementada."}
{"level":"warn","message":" Ruta GET /favicon.ico no implementada."}
{"level":"warn","message":" Ruta GET /favicon.ico no implementada."}
{"level":"warn","message":" Ruta GET /favicon.ico no implementada."}
{"level":"warn","message":" Ruta GET /favicon.ico no implementada."}
{"level":"warn","message":" Ruta GET /favicon.ico no implementada."}
{"level":"warn","message":" Ruta GET /favicon.ico no implementada."}
{"level":"warn","message":" Ruta GET /favicon.ico no implementada."}
{"level":"warn","message":" Ruta GET /favicon.ico no implementada."}
{"level":"warn","message":" Ruta GET /favicon.ico no implementada."}
{"level":"warn","message":" Ruta GET /favicon.ico no implementada."}
{"level":"warn","message":" Ruta GET /js/index.js no implementada."}
{"level":"warn","message":" Ruta GET /favicon.ico no implementada."}
{"level":"warn","message":" Ruta GET /js/index.js no implementada."}
{"level":"warn","message":" Ruta GET /favicon.ico no implementada."}
{"level":"warn","message":" Ruta GET /js/index.js no implementada."}
{"level":"warn","message":" Ruta GET /favicon.ico no implementada."}
{"level":"warn","message":" Ruta GET /content/accountInfo no implementada."}
{"level":"warn","message":" Ruta GET /favicon.ico no implementada."}
{"level":"warn","message":" Ruta GET /js/index.js no implementada."}
{"level":"warn","message":" Ruta GET /favicon.ico no implementada."}
{"level":"warn","message":" Ruta GET /js/index.js no implementada."}
{"level":"warn","message":" Ruta GET /favicon.ico no implementada."}
{"level":"warn","message":" Ruta GET /js/index.js no implementada."}
{"level":"warn","message":" Ruta GET /favicon.ico no implementada."}
{"level":"warn","message":" Ruta GET /js/index.js no implementada."}
{"level":"warn","message":" Ruta GET /favicon.ico no implementada."}
{"level":"warn","message":" Ruta GET /favicon.ico no implementada."}
{"level":"warn","message":" Ruta GET /favicon.ico no implementada."}
{"level":"warn","message":" Ruta GET /content/index.js no implementada."}
{"level":"warn","message":" Ruta GET /favicon.ico no implementada."}
{"level":"warn","message":" Ruta GET /favicon.ico no implementada."}
{"level":"warn","message":" Ruta GET /favicon.ico no implementada."}
{"level":"warn","message":" Ruta GET /favicon.ico no implementada."}
{"level":"warn","message":" Ruta GET /favicon.ico no implementada."}
{"level":"warn","message":" Ruta GET /favicon.ico no implementada."}
{"level":"warn","message":" Ruta GET /favicon.ico no implementada."}
{"level":"warn","message":" Ruta GET /favicon.ico no implementada."}
{"level":"warn","message":" Ruta GET /favicon.ico no implementada."}
{"level":"warn","message":" Ruta GET /favicon.ico no implementada."}
{"level":"warn","message":" Ruta GET /favicon.ico no implementada."}
{"level":"warn","message":" Ruta GET /accountInf no implementada."}
{"level":"warn","message":" Ruta GET /favicon.ico no implementada."}
{"level":"warn","message":" Ruta GET /favicon.ico no implementada."}
{"level":"warn","message":" Ruta GET /favicon.ico no implementada."}
{"level":"warn","message":" Ruta GET /favicon.ico no implementada."}
{"level":"warn","message":" Ruta GET /favicon.ico no implementada."}
{"level":"warn","message":" Ruta GET /favicon.ico no implementada."}
{"level":"warn","message":" Ruta GET /favicon.ico no implementada."}
{"level":"warn","message":" Ruta GET /favicon.ico no implementada."}
{"level":"warn","message":" Ruta GET /auth no implementada."}
{"level":"warn","message":" Ruta GET /auth no implementada."}
{"level":"warn","message":" Ruta GET /auth no implementada."}
{"level":"warn","message":" Ruta GET /auth no implementada."}
{"level":"warn","message":" Ruta GET /auth no implementada."}
{"level":"warn","message":" Ruta GET /auth no implementada."}
{"level":"warn","message":" Ruta GET /auth no implementada."}
{"level":"warn","message":" Ruta GET /auth no implementada."}
{"level":"warn","message":" Ruta GET /auth no implementada."}
{"level":"warn","message":" Ruta GET /auth no implementada."}
{"level":"warn","message":" Ruta GET /auth no implementada."}
{"level":"warn","message":" Ruta GET /auth no implementada."}
{"level":"warn","message":" Ruta GET /auth no implementada."}
{"level":"warn","message":" Ruta GET /auth no implementada."}
{"level":"warn","message":" Ruta GET /auth no implementada."}
{"level":"warn","message":" Ruta GET /auth no implementada."}
{"level":"warn","message":" Ruta GET /auth no implementada."}
{"level":"warn","message":" Ruta GET /auth no implementada."}
{"level":"warn","message":" Ruta GET /auth no implementada."}
{"level":"warn","message":" Ruta GET /auth no implementada."}
{"level":"warn","message":" Ruta GET /auth no implementada."}
{"level":"warn","message":" Ruta GET /auth no implementada."}
{"level":"warn","message":" Ruta GET /auth no implementada."}
{"level":"warn","message":" Ruta GET /auth no implementada."}
{"level":"warn","message":" Ruta GET /auth no implementada."}
{"level":"warn","message":" Ruta GET /main.48851b9fb80fcdb54e21.hot-update.json no implementada."}
{"level":"warn","message":" Ruta GET /main.7de1b38f2b2598d8a7b3.hot-update.json no implementada."}
{"level":"warn","message":" Ruta GET /main.b86840ef481b59c750bc.hot-update.json no implementada."}
{"level":"warn","message":" Ruta GET /favicon.ico no implementada."}
{"level":"warn","message":" Ruta GET /favicon.ico no implementada."}
{"level":"warn","message":" Ruta GET /favicon.ico no implementada."}
{"level":"warn","message":" Ruta GET /favicon.ico no implementada."}
{"level":"warn","message":" Ruta GET /favicon.ico no implementada."}
{"level":"warn","message":" Ruta GET /favicon.ico no implementada."}
{"level":"warn","message":" Ruta GET /favicon.ico no implementada."}
{"level":"warn","message":" Ruta GET /favicon.ico no implementada."}
{"level":"warn","message":" Ruta GET /main.8ae4f48f7b2fff8a1727.hot-update.json no implementada."}
{"level":"warn","message":" Ruta GET /favicon.ico no implementada."}
{"level":"warn","message":" Ruta GET /main.3e4da8eb1a59fa2002d4.hot-update.json no implementada."}
{"level":"warn","message":" Ruta GET /main.1eaa9924ef56b699d7c9.hot-update.json no implementada."}
{"level":"warn","message":" Ruta GET /favicon.ico no implementada."}
{"level":"warn","message":" Ruta GET /favicon.ico no implementada."}
{"level":"warn","message":" Ruta GET /favicon.ico no implementada."}
{"level":"warn","message":" Ruta GET /favicon.ico no implementada."}
{"level":"warn","message":" Ruta GET /favicon.ico no implementada."}
{"level":"warn","message":" Ruta GET /favicon.ico no implementada."}
{"level":"warn","message":" Ruta GET /favicon.ico no implementada."}
{"level":"warn","message":" Ruta GET /favicon.ico no implementada."}
{"level":"warn","message":" Ruta GET /favicon.ico no implementada."}
{"level":"warn","message":" Ruta GET /favicon.ico no implementada."}
{"level":"warn","message":" Ruta GET /favicon.ico no implementada."}
{"level":"warn","message":" Ruta GET /favicon.ico no implementada."}
{"level":"warn","message":" Ruta GET /favicon.ico no implementada."}
{"level":"warn","message":" Ruta GET /content/uploads/avatar-1665802756119.jpg no implementada."}
{"level":"warn","message":" Ruta GET /favicon.ico no implementada."}
{"level":"warn","message":" Ruta GET /content/uploads/undefined no implementada."}
{"level":"warn","message":" Ruta GET /content/uploads/undefined no implementada."}
{"level":"warn","message":" Ruta GET /favicon.ico no implementada."}
{"level":"warn","message":" Ruta GET /favicon.ico no implementada."}
{"level":"warn","message":" Ruta GET /favicon.ico no implementada."}
{"level":"warn","message":" Ruta GET /favicon.ico no implementada."}
{"level":"warn","message":" Ruta GET /favicon.ico no implementada."}
{"level":"warn","message":" Ruta GET /favicon.ico no implementada."}
{"level":"warn","message":" Ruta GET /favicon.ico no implementada."}
{"level":"warn","message":" Ruta GET /favicon.ico no implementada."}
{"level":"warn","message":" Ruta GET /favicon.ico no implementada."}
{"level":"warn","message":" Ruta GET /favicon.ico no implementada."}
{"level":"warn","message":" Ruta GET /favicon.ico no implementada."}
{"level":"warn","message":" Ruta GET /favicon.ico no implementada."}
{"level":"warn","message":" Ruta GET /favicon.ico no implementada."}
{"level":"warn","message":" Ruta GET /favicon.ico no implementada."}
{"level":"warn","message":" Ruta GET /favicon.ico no implementada."}
{"level":"warn","message":" Ruta GET /favicon.ico no implementada."}
{"level":"warn","message":" Ruta GET /favicon.ico no implementada."}
{"level":"warn","message":" Ruta GET /favicon.ico no implementada."}
{"level":"warn","message":" Ruta GET /main.312523866c96435ff946.hot-update.json no implementada."}
{"level":"warn","message":" Ruta GET /main.312523866c96435ff946.hot-update.json no implementada."}
{"level":"warn","message":" Ruta GET /favicon.ico no implementada."}
{"level":"warn","message":" Ruta GET /productos/ no implementada."}
{"level":"warn","message":" Ruta GET /productos/ no implementada."}
{"level":"warn","message":" Ruta GET /productos/ no implementada."}
{"level":"warn","message":" Ruta GET /productos/ no implementada."}
{"level":"warn","message":" Ruta GET /productos no implementada."}
{"level":"warn","message":" Ruta GET /api/productos/test no implementada."}
{"level":"warn","message":" Ruta GET /api/ no implementada."}
{"level":"warn","message":" Ruta GET /productos/ no implementada."}
{"level":"warn","message":" Ruta GET /productos no implementada."}
{"level":"warn","message":" Ruta GET /favicon.ico no implementada."}
{"level":"warn","message":" Ruta GET /favicon.ico no implementada."}
{"level":"warn","message":" Ruta GET /favicon.ico no implementada."}
{"level":"warn","message":" Ruta GET /favicon.ico no implementada."}
{"level":"warn","message":" Ruta GET /favicon.ico no implementada."}
{"level":"warn","message":" Ruta GET /favicon.ico no implementada."}
{"level":"warn","message":" Ruta GET /favicon.ico no implementada."}
{"level":"warn","message":" Ruta GET /productos no implementada."}
{"level":"warn","message":" Ruta GET /productos no implementada."}
{"level":"warn","message":" Ruta GET /favicon.ico no implementada."}
{"level":"warn","message":" Ruta GET /favicon.ico no implementada."}
{"level":"warn","message":" Ruta GET /favicon.ico no implementada."}
{"level":"warn","message":" Ruta GET /favicon.ico no implementada."}
{"level":"warn","message":" Ruta GET /favicon.ico no implementada."}
{"level":"warn","message":" Ruta GET /favicon.ico no implementada."}
{"level":"warn","message":" Ruta GET /favicon.ico no implementada."}
{"level":"warn","message":" Ruta GET /favicon.ico no implementada."}
{"level":"warn","message":" Ruta GET /favicon.ico no implementada."}
{"level":"warn","message":" Ruta GET /favicon.ico no implementada."}
{"level":"warn","message":" Ruta GET /favicon.ico no implementada."}
{"level":"warn","message":" Ruta GET /favicon.ico no implementada."}
{"level":"warn","message":" Ruta GET /favicon.ico no implementada."}
{"level":"warn","message":" Ruta GET /favicon.ico no implementada."}
{"level":"warn","message":" Ruta GET /favicon.ico no implementada."}
{"level":"warn","message":" Ruta GET /favicon.ico no implementada."}
{"level":"warn","message":" Ruta GET /favicon.ico no implementada."}
{"level":"warn","message":" Ruta GET /favicon.ico no implementada."}
{"level":"warn","message":" Ruta GET /favicon.ico no implementada."}
{"level":"warn","message":" Ruta GET /favicon.ico no implementada."}
{"level":"warn","message":" Ruta POST /order no implementada."}
{"level":"warn","message":" Ruta POST /order no implementada."}
{"level":"warn","message":" Ruta POST /order no implementada."}
{"level":"warn","message":" Ruta POST /order no implementada."}
{"level":"warn","message":" Ruta POST /order no implementada."}
{"level":"warn","message":" Ruta POST /order no implementada."}
{"level":"warn","message":" Ruta POST /order no implementada."}
{"level":"warn","message":" Ruta GET /login no implementada."}
{"level":"warn","message":" Ruta GET /favicon.ico no implementada."}
{"level":"warn","message":" Ruta GET /favicon.ico no implementada."}
{"level":"warn","message":" Ruta GET /favicon.ico no implementada."}
{"level":"warn","message":" Ruta GET /favicon.ico no implementada."}
{"level":"warn","message":" Ruta GET /favicon.ico no implementada."}
{"level":"warn","message":" Ruta GET /favicon.ico no implementada."}
{"level":"warn","message":" Ruta GET /favicon.ico no implementada."}
{"level":"warn","message":" Ruta GET /favicon.ico no implementada."}
{"level":"warn","message":" Ruta GET /favicon.ico no implementada."}
{"level":"warn","message":" Ruta GET /favicon.ico no implementada."}
{"level":"warn","message":" Ruta GET /favicon.ico no implementada."}
{"level":"warn","message":" Ruta GET /favicon.ico no implementada."}
{"level":"warn","message":" Ruta GET /favicon.ico no implementada."}
{"level":"warn","message":" Ruta GET /favicon.ico no implementada."}
{"level":"warn","message":" Ruta GET /favicon.ico no implementada."}
{"level":"warn","message":" Ruta GET /favicon.ico no implementada."}
{"level":"warn","message":" Ruta GET /favicon.ico no implementada."}
{"level":"warn","message":" Ruta GET /favicon.ico no implementada."}
{"level":"warn","message":" Ruta GET /favicon.ico no implementada."}
{"level":"warn","message":" Ruta GET /favicon.ico no implementada."}
{"level":"warn","message":" Ruta GET /favicon.ico no implementada."}
{"level":"warn","message":" Ruta GET /favicon.ico no implementada."}
{"level":"warn","message":" Ruta GET /favicon.ico no implementada."}
{"level":"warn","message":" Ruta GET /favicon.ico no implementada."}
{"level":"warn","message":" Ruta GET /products no implementada."}
{"level":"warn","message":" Ruta GET /favicon.ico no implementada."}
{"level":"warn","message":" Ruta GET /favicon.ico no implementada."}
{"level":"warn","message":" Ruta GET /favicon.ico no implementada."}
{"level":"warn","message":" Ruta GET /favicon.ico no implementada."}
{"level":"warn","message":" Ruta GET /favicon.ico no implementada."}
{"level":"warn","message":" Ruta GET /favicon.ico no implementada."}
{"level":"warn","message":" Ruta GET /favicon.ico no implementada."}
{"level":"warn","message":" Ruta GET /favicon.ico no implementada."}
{"level":"warn","message":" Ruta GET /favicon.ico no implementada."}
{"level":"warn","message":" Ruta GET /favicon.ico no implementada."}
{"level":"warn","message":" Ruta GET /favicon.ico no implementada."}
{"level":"warn","message":" Ruta GET /favicon.ico no implementada."}
{"level":"warn","message":" Ruta GET /favicon.ico no implementada."}
{"level":"warn","message":" Ruta GET /favicon.ico no implementada."}
{"level":"warn","message":" Ruta GET /favicon.ico no implementada."}
{"level":"warn","message":" Ruta GET /favicon.ico no implementada."}
{"level":"warn","message":" Ruta GET /favicon.ico no implementada."}
{"level":"warn","message":" Ruta GET /favicon.ico no implementada."}
{"level":"warn","message":" Ruta GET /favicon.ico no implementada."}
{"level":"warn","message":" Ruta GET /favicon.ico no implementada."}
{"level":"warn","message":" Ruta GET /favicon.ico no implementada."}
{"level":"warn","message":" Ruta GET /favicon.ico no implementada."}
{"level":"warn","message":" Ruta GET /favicon.ico no implementada."}
{"level":"warn","message":" Ruta GET /favicon.ico no implementada."}
{"level":"warn","message":" Ruta GET /favicon.ico no implementada."}
{"level":"warn","message":" Ruta GET /content/uploads/avatar-1665824406299.jpg no implementada."}
{"level":"warn","message":" Ruta GET /favicon.ico no implementada."}
{"level":"warn","message":" Ruta GET /favicon.ico no implementada."}
{"level":"warn","message":" Ruta GET /uploads/avatar-1665975375903.png no implementada."}
{"level":"warn","message":" Ruta GET /uploads/undefined no implementada."}
{"level":"warn","message":" Ruta GET /uploads/undefined no implementada."}
{"level":"warn","message":" Ruta GET /uploads/undefined no implementada."}
